<?xml version="1.0" encoding="UTF-8"?>
<!-- Generated by org.testng.reporters.JUnitReportReporter -->
<testsuite hostname="DESKTOP-D4GU8M4" failures="0" tests="1" name="com.qa.opencart.tests.PhoneClassTest" time="0.975" errors="0" timestamp="2023-02-22T19:38:14 IST" skipped="0">
  <testcase classname="com.qa.opencart.tests.PhoneClassTest" name="selectPhoneTest" time="0.975"/>
  <system-out/>
</testsuite> <!-- com.qa.opencart.tests.PhoneClassTest -->
