<?xml version="1.0" encoding="UTF-8"?>
<!-- Generated by org.testng.reporters.JUnitReportReporter -->
<testsuite hostname="DESKTOP-D4GU8M4" failures="0" tests="5" name="com.qa.opencart.tests.LoginPageTest" time="0.318" errors="0" timestamp="2023-02-19T18:40:40 IST" skipped="0">
  <testcase classname="com.qa.opencart.tests.LoginPageTest" name="loginPageTitleTest" time="0.012"/>
  <system-out/>
  <testcase classname="com.qa.opencart.tests.LoginPageTest" name="loginPageUrlTest" time="0.006"/>
  <system-out/>
  <testcase classname="com.qa.opencart.tests.LoginPageTest" name="forgotPwdLinkTest" time="0.052"/>
  <system-out/>
  <testcase classname="com.qa.opencart.tests.LoginPageTest" name="registerLinkTest" time="0.035"/>
  <system-out/>
  <testcase classname="com.qa.opencart.tests.LoginPageTest" name="dologinTest" time="0.213"/>
  <system-out/>
</testsuite> <!-- com.qa.opencart.tests.LoginPageTest -->
